Терминалы не используются в грамматике

    T_SCONST
    T_BCONST
    T_NOT
    T_TAB
    T_NL
    T_POINTER
    T_REFERENCE


Грамматика

    0 $accept: Program $end

    1 Program: SimpleDeclaration Programs
    2        | RoutineDeclaration Programs

    3 Programs: T_EOF
    4         | SimpleDeclaration Programs
    5         | RoutineDeclaration Programs

    6 SimpleDeclaration: VariableDeclaration
    7                  | TypeDeclaration

    8 VariableDeclaration: T_VAR T_ID T_COLON Type T_IS Expression
    9                    | T_VAR T_ID T_COLON Type
   10                    | T_VAR T_ID T_IS Expression

   11 TypeDeclaration: T_TYPE T_ID T_IS Type

   12 RoutineDeclaration: T_ROUTINE T_ID T_LPAREN Parameters T_RPAREN T_COLON Type T_IS Body T_END
   13                   | T_ROUTINE T_ID T_LPAREN Parameters T_RPAREN T_IS Body T_END

   14 Parameters: ParameterDeclaration ParameterDeclarations

   15 ParameterDeclarations: ε
   16                      | T_COMMA ParameterDeclaration ParameterDeclarations

   17 ParameterDeclaration: T_ID T_COLON Type

   18 Type: PrimitiveType
   19     | ArrayType
   20     | RecordType
   21     | T_ID

   22 PrimitiveType: T_INTEGER
   23              | T_REAL
   24              | T_BOOLEAN
   25              | T_CHAR

   26 RecordType: T_RECORD VariableDeclarations T_END

   27 VariableDeclarations: ε
   28                     | VariableDeclaration VariableDeclarations

   29 ArrayType: T_ARRAY T_LBRACK Expression T_RBRACK Type

   30 Body: ε
   31     | SimpleDeclaration Bodies
   32     | Statement Bodies

   33 Bodies: ε
   34       | SimpleDeclaration Bodies
   35       | Statement Bodies

   36 Statement: Assignment
   37          | RoutineCall
   38          | WhileLoop
   39          | ForLoop
   40          | IfStatement
   41          | T_RETURN T_LPAREN Expression T_RPAREN
   42          | T_PRINT T_LPAREN Expression T_RPAREN

   43 Assignment: ModifiablePrimary T_COLONEQU Expression

   44 RoutineCall: T_ID
   45            | T_ID T_LPAREN Expressions T_RPAREN

   46 Expressions: Expression
   47            | T_COMMA Expression Expressions

   48 WhileLoop: T_WHILE Expression T_LOOP Body T_END

   49 ForLoop: T_FOR T_ID Range T_LOOP Body T_END

   50 Range: T_IN Expression T_DOTDOT Expression
   51      | T_IN T_REVERSE Expression T_DOTDOT Expression

   52 IfStatement: T_IF Expression T_THEN Body T_ELSE Body T_END
   53            | T_IF Expression T_THEN Body T_END

   54 Expression: Relation
   55           | Relation T_AND Expression
   56           | Relation T_OR Expression
   57           | Relation T_XOR Expression

   58 Relation: Simple
   59         | Simple T_LESS Simple
   60         | Simple T_LESSOREQU Simple
   61         | Simple T_GREAT Simple
   62         | Simple T_GREATOREQU Simple
   63         | Simple T_EQU Simple
   64         | Simple T_NOTEQU Simple

   65 Simple: Factor
   66       | Factor T_MULTOP Simple
   67       | Factor T_DIVOP Simple
   68       | Factor T_MODOP Simple

   69 Factor: Summand
   70       | Summand T_ADDOP Factor
   71       | Summand T_SUBTROP Factor

   72 Summand: Primary
   73        | T_LPAREN Expression T_LPAREN

   74 Primary: T_ICONST
   75        | T_CCONST
   76        | T_RCONST
   77        | T_TRUE
   78        | T_FALSE
   79        | ModifiablePrimary

   80 ModifiablePrimary: T_ID
   81                  | T_ID Identifiers

   82 Identifiers: T_DOT T_ID
   83            | T_DOT T_ID Identifiers
   84            | T_LBRACK Expression T_RBRACK
   85            | T_LBRACK Expression T_RBRACK Identifiers


Терминальные символы с правилами, в которых они появляются

    $end (0) 0
    error (256)
    T_FOR <string> (258) 49
    T_WHILE <string> (259) 48
    T_LOOP <string> (260) 48 49
    T_IN <string> (261) 50 51
    T_REVERSE <string> (262) 51
    T_IF <string> (263) 52 53
    T_THEN <string> (264) 52 53
    T_ELSE <string> (265) 52
    T_END <string> (266) 12 13 26 48 49 52 53
    T_TYPE <string> (267) 11
    T_VAR <string> (268) 8 9 10
    T_IS <string> (269) 8 10 11 12 13
    T_PRINT <string> (270) 42
    T_RETURN <string> (271) 41
    T_INTEGER <string> (272) 22
    T_REAL <string> (273) 23
    T_BOOLEAN <string> (274) 24
    T_CHAR <string> (275) 25
    T_ROUTINE <string> (276) 12 13
    T_ARRAY <string> (277) 29
    T_RECORD <string> (278) 26
    T_TRUE <string> (279) 77
    T_FALSE <string> (280) 78
    T_ID <string> (281) 8 9 10 11 12 13 17 21 44 45 49 80 81 82 83
    T_ICONST <integer> (282) 74
    T_SCONST <string> (283)
    T_RCONST <real> (284) 76
    T_BCONST <boolean> (285)
    T_CCONST <string> (286) 75
    T_EOF <string> (287) 3
    T_LESS <string> (288) 59
    T_GREAT <string> (289) 61
    T_LESSOREQU <string> (290) 60
    T_GREATOREQU <string> (291) 62
    T_NOTEQU <string> (292) 64
    T_EQU <string> (293) 63
    T_COLONEQU <string> (294) 43
    T_AND <string> (295) 55
    T_OR <string> (296) 56
    T_XOR <string> (297) 57
    T_NOT <string> (298)
    T_ADDOP <string> (299) 70
    T_MULTOP <string> (300) 66
    T_SUBTROP <string> (301) 71
    T_DIVOP <string> (302) 67
    T_MODOP <string> (303) 68
    T_TAB <string> (304)
    T_NL <string> (305)
    T_POINTER <string> (306)
    T_REFERENCE <string> (307)
    T_LPAREN <string> (308) 12 13 41 42 45 73
    T_RPAREN <string> (309) 12 13 41 42 45
    T_LBRACK <string> (310) 29 84 85
    T_RBRACK <string> (311) 29 84 85
    T_DOTDOT <string> (312) 50 51
    T_DOT <string> (313) 82 83
    T_COMMA <string> (314) 16 47
    T_COLON <string> (315) 8 9 12 17


Нетерминальные символы с правилами, в которых они появляются

    $accept (61)
        on left: 0
    Program <nodeLink> (62)
        on left: 1 2
        on right: 0
    Programs <nodeList> (63)
        on left: 3 4 5
        on right: 1 2 4 5
    SimpleDeclaration <nodeLink> (64)
        on left: 6 7
        on right: 1 4 31 34
    VariableDeclaration <nodeLink> (65)
        on left: 8 9 10
        on right: 6 28
    TypeDeclaration <nodeLink> (66)
        on left: 11
        on right: 7
    RoutineDeclaration <nodeLink> (67)
        on left: 12 13
        on right: 2 5
    Parameters <nodeLink> (68)
        on left: 14
        on right: 12 13
    ParameterDeclarations <nodeList> (69)
        on left: 15 16
        on right: 14 16
    ParameterDeclaration <nodeLink> (70)
        on left: 17
        on right: 14 16
    Type <nodeLink> (71)
        on left: 18 19 20 21
        on right: 8 9 11 12 17 29
    PrimitiveType <nodeLink> (72)
        on left: 22 23 24 25
        on right: 18
    RecordType <nodeLink> (73)
        on left: 26
        on right: 20
    VariableDeclarations <nodeList> (74)
        on left: 27 28
        on right: 26 28
    ArrayType <nodeLink> (75)
        on left: 29
        on right: 19
    Body <nodeLink> (76)
        on left: 30 31 32
        on right: 12 13 48 49 52 53
    Bodies <nodeList> (77)
        on left: 33 34 35
        on right: 31 32 34 35
    Statement <nodeLink> (78)
        on left: 36 37 38 39 40 41 42
        on right: 32 35
    Assignment <nodeLink> (79)
        on left: 43
        on right: 36
    RoutineCall <nodeLink> (80)
        on left: 44 45
        on right: 37
    Expressions <nodeList> (81)
        on left: 46 47
        on right: 45 47
    WhileLoop <nodeLink> (82)
        on left: 48
        on right: 38
    ForLoop <nodeLink> (83)
        on left: 49
        on right: 39
    Range <nodeLink> (84)
        on left: 50 51
        on right: 49
    IfStatement <nodeLink> (85)
        on left: 52 53
        on right: 40
    Expression <nodeLink> (86)
        on left: 54 55 56 57
        on right: 8 10 29 41 42 43 46 47 48 50 51 52 53 55 56 57 73 84 85
    Relation <nodeLink> (87)
        on left: 58 59 60 61 62 63 64
        on right: 54 55 56 57
    Simple <nodeLink> (88)
        on left: 65 66 67 68
        on right: 58 59 60 61 62 63 64 66 67 68
    Factor <nodeLink> (89)
        on left: 69 70 71
        on right: 65 66 67 68 70 71
    Summand <nodeLink> (90)
        on left: 72 73
        on right: 69 70 71
    Primary <nodeLink> (91)
        on left: 74 75 76 77 78 79
        on right: 72
    ModifiablePrimary <nodeLink> (92)
        on left: 80 81
        on right: 43 79
    Identifiers <nodeLink> (93)
        on left: 82 83 84 85
        on right: 81 83 85


Состояние 0

    0 $accept: • Program $end

    T_TYPE     сдвиг, и переход в состояние 1
    T_VAR      сдвиг, и переход в состояние 2
    T_ROUTINE  сдвиг, и переход в состояние 3

    Program              переход в состояние 4
    SimpleDeclaration    переход в состояние 5
    VariableDeclaration  переход в состояние 6
    TypeDeclaration      переход в состояние 7
    RoutineDeclaration   переход в состояние 8


Состояние 1

   11 TypeDeclaration: T_TYPE • T_ID T_IS Type

    T_ID  сдвиг, и переход в состояние 9


Состояние 2

    8 VariableDeclaration: T_VAR • T_ID T_COLON Type T_IS Expression
    9                    | T_VAR • T_ID T_COLON Type
   10                    | T_VAR • T_ID T_IS Expression

    T_ID  сдвиг, и переход в состояние 10


Состояние 3

   12 RoutineDeclaration: T_ROUTINE • T_ID T_LPAREN Parameters T_RPAREN T_COLON Type T_IS Body T_END
   13                   | T_ROUTINE • T_ID T_LPAREN Parameters T_RPAREN T_IS Body T_END

    T_ID  сдвиг, и переход в состояние 11


Состояние 4

    0 $accept: Program • $end

    $end  сдвиг, и переход в состояние 12


Состояние 5

    1 Program: SimpleDeclaration • Programs

    T_TYPE     сдвиг, и переход в состояние 1
    T_VAR      сдвиг, и переход в состояние 2
    T_ROUTINE  сдвиг, и переход в состояние 3
    T_EOF      сдвиг, и переход в состояние 13

    Programs             переход в состояние 14
    SimpleDeclaration    переход в состояние 15
    VariableDeclaration  переход в состояние 6
    TypeDeclaration      переход в состояние 7
    RoutineDeclaration   переход в состояние 16


Состояние 6

    6 SimpleDeclaration: VariableDeclaration •

    $default  вывод с использованием правила 6 (SimpleDeclaration)


Состояние 7

    7 SimpleDeclaration: TypeDeclaration •

    $default  вывод с использованием правила 7 (SimpleDeclaration)


Состояние 8

    2 Program: RoutineDeclaration • Programs

    T_TYPE     сдвиг, и переход в состояние 1
    T_VAR      сдвиг, и переход в состояние 2
    T_ROUTINE  сдвиг, и переход в состояние 3
    T_EOF      сдвиг, и переход в состояние 13

    Programs             переход в состояние 17
    SimpleDeclaration    переход в состояние 15
    VariableDeclaration  переход в состояние 6
    TypeDeclaration      переход в состояние 7
    RoutineDeclaration   переход в состояние 16


Состояние 9

   11 TypeDeclaration: T_TYPE T_ID • T_IS Type

    T_IS  сдвиг, и переход в состояние 18


Состояние 10

    8 VariableDeclaration: T_VAR T_ID • T_COLON Type T_IS Expression
    9                    | T_VAR T_ID • T_COLON Type
   10                    | T_VAR T_ID • T_IS Expression

    T_IS     сдвиг, и переход в состояние 19
    T_COLON  сдвиг, и переход в состояние 20


Состояние 11

   12 RoutineDeclaration: T_ROUTINE T_ID • T_LPAREN Parameters T_RPAREN T_COLON Type T_IS Body T_END
   13                   | T_ROUTINE T_ID • T_LPAREN Parameters T_RPAREN T_IS Body T_END

    T_LPAREN  сдвиг, и переход в состояние 21


Состояние 12

    0 $accept: Program $end •

    $default  принять


Состояние 13

    3 Programs: T_EOF •

    $default  вывод с использованием правила 3 (Programs)


Состояние 14

    1 Program: SimpleDeclaration Programs •

    $default  вывод с использованием правила 1 (Program)


Состояние 15

    4 Programs: SimpleDeclaration • Programs

    T_TYPE     сдвиг, и переход в состояние 1
    T_VAR      сдвиг, и переход в состояние 2
    T_ROUTINE  сдвиг, и переход в состояние 3
    T_EOF      сдвиг, и переход в состояние 13

    Programs             переход в состояние 22
    SimpleDeclaration    переход в состояние 15
    VariableDeclaration  переход в состояние 6
    TypeDeclaration      переход в состояние 7
    RoutineDeclaration   переход в состояние 16


Состояние 16

    5 Programs: RoutineDeclaration • Programs

    T_TYPE     сдвиг, и переход в состояние 1
    T_VAR      сдвиг, и переход в состояние 2
    T_ROUTINE  сдвиг, и переход в состояние 3
    T_EOF      сдвиг, и переход в состояние 13

    Programs             переход в состояние 23
    SimpleDeclaration    переход в состояние 15
    VariableDeclaration  переход в состояние 6
    TypeDeclaration      переход в состояние 7
    RoutineDeclaration   переход в состояние 16


Состояние 17

    2 Program: RoutineDeclaration Programs •

    $default  вывод с использованием правила 2 (Program)


Состояние 18

   11 TypeDeclaration: T_TYPE T_ID T_IS • Type

    T_INTEGER  сдвиг, и переход в состояние 24
    T_REAL     сдвиг, и переход в состояние 25
    T_BOOLEAN  сдвиг, и переход в состояние 26
    T_CHAR     сдвиг, и переход в состояние 27
    T_ARRAY    сдвиг, и переход в состояние 28
    T_RECORD   сдвиг, и переход в состояние 29
    T_ID       сдвиг, и переход в состояние 30

    Type           переход в состояние 31
    PrimitiveType  переход в состояние 32
    RecordType     переход в состояние 33
    ArrayType      переход в состояние 34


Состояние 19

   10 VariableDeclaration: T_VAR T_ID T_IS • Expression

    T_TRUE    сдвиг, и переход в состояние 35
    T_FALSE   сдвиг, и переход в состояние 36
    T_ID      сдвиг, и переход в состояние 37
    T_ICONST  сдвиг, и переход в состояние 38
    T_RCONST  сдвиг, и переход в состояние 39
    T_CCONST  сдвиг, и переход в состояние 40
    T_LPAREN  сдвиг, и переход в состояние 41

    Expression         переход в состояние 42
    Relation           переход в состояние 43
    Simple             переход в состояние 44
    Factor             переход в состояние 45
    Summand            переход в состояние 46
    Primary            переход в состояние 47
    ModifiablePrimary  переход в состояние 48


Состояние 20

    8 VariableDeclaration: T_VAR T_ID T_COLON • Type T_IS Expression
    9                    | T_VAR T_ID T_COLON • Type

    T_INTEGER  сдвиг, и переход в состояние 24
    T_REAL     сдвиг, и переход в состояние 25
    T_BOOLEAN  сдвиг, и переход в состояние 26
    T_CHAR     сдвиг, и переход в состояние 27
    T_ARRAY    сдвиг, и переход в состояние 28
    T_RECORD   сдвиг, и переход в состояние 29
    T_ID       сдвиг, и переход в состояние 30

    Type           переход в состояние 49
    PrimitiveType  переход в состояние 32
    RecordType     переход в состояние 33
    ArrayType      переход в состояние 34


Состояние 21

   12 RoutineDeclaration: T_ROUTINE T_ID T_LPAREN • Parameters T_RPAREN T_COLON Type T_IS Body T_END
   13                   | T_ROUTINE T_ID T_LPAREN • Parameters T_RPAREN T_IS Body T_END

    T_ID  сдвиг, и переход в состояние 50

    Parameters            переход в состояние 51
    ParameterDeclaration  переход в состояние 52


Состояние 22

    4 Programs: SimpleDeclaration Programs •

    $default  вывод с использованием правила 4 (Programs)


Состояние 23

    5 Programs: RoutineDeclaration Programs •

    $default  вывод с использованием правила 5 (Programs)


Состояние 24

   22 PrimitiveType: T_INTEGER •

    $default  вывод с использованием правила 22 (PrimitiveType)


Состояние 25

   23 PrimitiveType: T_REAL •

    $default  вывод с использованием правила 23 (PrimitiveType)


Состояние 26

   24 PrimitiveType: T_BOOLEAN •

    $default  вывод с использованием правила 24 (PrimitiveType)


Состояние 27

   25 PrimitiveType: T_CHAR •

    $default  вывод с использованием правила 25 (PrimitiveType)


Состояние 28

   29 ArrayType: T_ARRAY • T_LBRACK Expression T_RBRACK Type

    T_LBRACK  сдвиг, и переход в состояние 53


Состояние 29

   26 RecordType: T_RECORD • VariableDeclarations T_END

    T_VAR  сдвиг, и переход в состояние 2

    $default  вывод с использованием правила 27 (VariableDeclarations)

    VariableDeclaration   переход в состояние 54
    VariableDeclarations  переход в состояние 55


Состояние 30

   21 Type: T_ID •

    $default  вывод с использованием правила 21 (Type)


Состояние 31

   11 TypeDeclaration: T_TYPE T_ID T_IS Type •

    $default  вывод с использованием правила 11 (TypeDeclaration)


Состояние 32

   18 Type: PrimitiveType •

    $default  вывод с использованием правила 18 (Type)


Состояние 33

   20 Type: RecordType •

    $default  вывод с использованием правила 20 (Type)


Состояние 34

   19 Type: ArrayType •

    $default  вывод с использованием правила 19 (Type)


Состояние 35

   77 Primary: T_TRUE •

    $default  вывод с использованием правила 77 (Primary)


Состояние 36

   78 Primary: T_FALSE •

    $default  вывод с использованием правила 78 (Primary)


Состояние 37

   80 ModifiablePrimary: T_ID •
   81                  | T_ID • Identifiers

    T_LBRACK  сдвиг, и переход в состояние 56
    T_DOT     сдвиг, и переход в состояние 57

    $default  вывод с использованием правила 80 (ModifiablePrimary)

    Identifiers  переход в состояние 58


Состояние 38

   74 Primary: T_ICONST •

    $default  вывод с использованием правила 74 (Primary)


Состояние 39

   76 Primary: T_RCONST •

    $default  вывод с использованием правила 76 (Primary)


Состояние 40

   75 Primary: T_CCONST •

    $default  вывод с использованием правила 75 (Primary)


Состояние 41

   73 Summand: T_LPAREN • Expression T_LPAREN

    T_TRUE    сдвиг, и переход в состояние 35
    T_FALSE   сдвиг, и переход в состояние 36
    T_ID      сдвиг, и переход в состояние 37
    T_ICONST  сдвиг, и переход в состояние 38
    T_RCONST  сдвиг, и переход в состояние 39
    T_CCONST  сдвиг, и переход в состояние 40
    T_LPAREN  сдвиг, и переход в состояние 41

    Expression         переход в состояние 59
    Relation           переход в состояние 43
    Simple             переход в состояние 44
    Factor             переход в состояние 45
    Summand            переход в состояние 46
    Primary            переход в состояние 47
    ModifiablePrimary  переход в состояние 48


Состояние 42

   10 VariableDeclaration: T_VAR T_ID T_IS Expression •

    $default  вывод с использованием правила 10 (VariableDeclaration)


Состояние 43

   54 Expression: Relation •
   55           | Relation • T_AND Expression
   56           | Relation • T_OR Expression
   57           | Relation • T_XOR Expression

    T_AND  сдвиг, и переход в состояние 60
    T_OR   сдвиг, и переход в состояние 61
    T_XOR  сдвиг, и переход в состояние 62

    $default  вывод с использованием правила 54 (Expression)


Состояние 44

   58 Relation: Simple •
   59         | Simple • T_LESS Simple
   60         | Simple • T_LESSOREQU Simple
   61         | Simple • T_GREAT Simple
   62         | Simple • T_GREATOREQU Simple
   63         | Simple • T_EQU Simple
   64         | Simple • T_NOTEQU Simple

    T_LESS        сдвиг, и переход в состояние 63
    T_GREAT       сдвиг, и переход в состояние 64
    T_LESSOREQU   сдвиг, и переход в состояние 65
    T_GREATOREQU  сдвиг, и переход в состояние 66
    T_NOTEQU      сдвиг, и переход в состояние 67
    T_EQU         сдвиг, и переход в состояние 68

    $default  вывод с использованием правила 58 (Relation)


Состояние 45

   65 Simple: Factor •
   66       | Factor • T_MULTOP Simple
   67       | Factor • T_DIVOP Simple
   68       | Factor • T_MODOP Simple

    T_MULTOP  сдвиг, и переход в состояние 69
    T_DIVOP   сдвиг, и переход в состояние 70
    T_MODOP   сдвиг, и переход в состояние 71

    $default  вывод с использованием правила 65 (Simple)


Состояние 46

   69 Factor: Summand •
   70       | Summand • T_ADDOP Factor
   71       | Summand • T_SUBTROP Factor

    T_ADDOP    сдвиг, и переход в состояние 72
    T_SUBTROP  сдвиг, и переход в состояние 73

    $default  вывод с использованием правила 69 (Factor)


Состояние 47

   72 Summand: Primary •

    $default  вывод с использованием правила 72 (Summand)


Состояние 48

   79 Primary: ModifiablePrimary •

    $default  вывод с использованием правила 79 (Primary)


Состояние 49

    8 VariableDeclaration: T_VAR T_ID T_COLON Type • T_IS Expression
    9                    | T_VAR T_ID T_COLON Type •

    T_IS  сдвиг, и переход в состояние 74

    $default  вывод с использованием правила 9 (VariableDeclaration)


Состояние 50

   17 ParameterDeclaration: T_ID • T_COLON Type

    T_COLON  сдвиг, и переход в состояние 75


Состояние 51

   12 RoutineDeclaration: T_ROUTINE T_ID T_LPAREN Parameters • T_RPAREN T_COLON Type T_IS Body T_END
   13                   | T_ROUTINE T_ID T_LPAREN Parameters • T_RPAREN T_IS Body T_END

    T_RPAREN  сдвиг, и переход в состояние 76


Состояние 52

   14 Parameters: ParameterDeclaration • ParameterDeclarations

    T_COMMA  сдвиг, и переход в состояние 77

    $default  вывод с использованием правила 15 (ParameterDeclarations)

    ParameterDeclarations  переход в состояние 78


Состояние 53

   29 ArrayType: T_ARRAY T_LBRACK • Expression T_RBRACK Type

    T_TRUE    сдвиг, и переход в состояние 35
    T_FALSE   сдвиг, и переход в состояние 36
    T_ID      сдвиг, и переход в состояние 37
    T_ICONST  сдвиг, и переход в состояние 38
    T_RCONST  сдвиг, и переход в состояние 39
    T_CCONST  сдвиг, и переход в состояние 40
    T_LPAREN  сдвиг, и переход в состояние 41

    Expression         переход в состояние 79
    Relation           переход в состояние 43
    Simple             переход в состояние 44
    Factor             переход в состояние 45
    Summand            переход в состояние 46
    Primary            переход в состояние 47
    ModifiablePrimary  переход в состояние 48


Состояние 54

   28 VariableDeclarations: VariableDeclaration • VariableDeclarations

    T_VAR  сдвиг, и переход в состояние 2

    $default  вывод с использованием правила 27 (VariableDeclarations)

    VariableDeclaration   переход в состояние 54
    VariableDeclarations  переход в состояние 80


Состояние 55

   26 RecordType: T_RECORD VariableDeclarations • T_END

    T_END  сдвиг, и переход в состояние 81


Состояние 56

   84 Identifiers: T_LBRACK • Expression T_RBRACK
   85            | T_LBRACK • Expression T_RBRACK Identifiers

    T_TRUE    сдвиг, и переход в состояние 35
    T_FALSE   сдвиг, и переход в состояние 36
    T_ID      сдвиг, и переход в состояние 37
    T_ICONST  сдвиг, и переход в состояние 38
    T_RCONST  сдвиг, и переход в состояние 39
    T_CCONST  сдвиг, и переход в состояние 40
    T_LPAREN  сдвиг, и переход в состояние 41

    Expression         переход в состояние 82
    Relation           переход в состояние 43
    Simple             переход в состояние 44
    Factor             переход в состояние 45
    Summand            переход в состояние 46
    Primary            переход в состояние 47
    ModifiablePrimary  переход в состояние 48


Состояние 57

   82 Identifiers: T_DOT • T_ID
   83            | T_DOT • T_ID Identifiers

    T_ID  сдвиг, и переход в состояние 83


Состояние 58

   81 ModifiablePrimary: T_ID Identifiers •

    $default  вывод с использованием правила 81 (ModifiablePrimary)


Состояние 59

   73 Summand: T_LPAREN Expression • T_LPAREN

    T_LPAREN  сдвиг, и переход в состояние 84


Состояние 60

   55 Expression: Relation T_AND • Expression

    T_TRUE    сдвиг, и переход в состояние 35
    T_FALSE   сдвиг, и переход в состояние 36
    T_ID      сдвиг, и переход в состояние 37
    T_ICONST  сдвиг, и переход в состояние 38
    T_RCONST  сдвиг, и переход в состояние 39
    T_CCONST  сдвиг, и переход в состояние 40
    T_LPAREN  сдвиг, и переход в состояние 41

    Expression         переход в состояние 85
    Relation           переход в состояние 43
    Simple             переход в состояние 44
    Factor             переход в состояние 45
    Summand            переход в состояние 46
    Primary            переход в состояние 47
    ModifiablePrimary  переход в состояние 48


Состояние 61

   56 Expression: Relation T_OR • Expression

    T_TRUE    сдвиг, и переход в состояние 35
    T_FALSE   сдвиг, и переход в состояние 36
    T_ID      сдвиг, и переход в состояние 37
    T_ICONST  сдвиг, и переход в состояние 38
    T_RCONST  сдвиг, и переход в состояние 39
    T_CCONST  сдвиг, и переход в состояние 40
    T_LPAREN  сдвиг, и переход в состояние 41

    Expression         переход в состояние 86
    Relation           переход в состояние 43
    Simple             переход в состояние 44
    Factor             переход в состояние 45
    Summand            переход в состояние 46
    Primary            переход в состояние 47
    ModifiablePrimary  переход в состояние 48


Состояние 62

   57 Expression: Relation T_XOR • Expression

    T_TRUE    сдвиг, и переход в состояние 35
    T_FALSE   сдвиг, и переход в состояние 36
    T_ID      сдвиг, и переход в состояние 37
    T_ICONST  сдвиг, и переход в состояние 38
    T_RCONST  сдвиг, и переход в состояние 39
    T_CCONST  сдвиг, и переход в состояние 40
    T_LPAREN  сдвиг, и переход в состояние 41

    Expression         переход в состояние 87
    Relation           переход в состояние 43
    Simple             переход в состояние 44
    Factor             переход в состояние 45
    Summand            переход в состояние 46
    Primary            переход в состояние 47
    ModifiablePrimary  переход в состояние 48


Состояние 63

   59 Relation: Simple T_LESS • Simple

    T_TRUE    сдвиг, и переход в состояние 35
    T_FALSE   сдвиг, и переход в состояние 36
    T_ID      сдвиг, и переход в состояние 37
    T_ICONST  сдвиг, и переход в состояние 38
    T_RCONST  сдвиг, и переход в состояние 39
    T_CCONST  сдвиг, и переход в состояние 40
    T_LPAREN  сдвиг, и переход в состояние 41

    Simple             переход в состояние 88
    Factor             переход в состояние 45
    Summand            переход в состояние 46
    Primary            переход в состояние 47
    ModifiablePrimary  переход в состояние 48


Состояние 64

   61 Relation: Simple T_GREAT • Simple

    T_TRUE    сдвиг, и переход в состояние 35
    T_FALSE   сдвиг, и переход в состояние 36
    T_ID      сдвиг, и переход в состояние 37
    T_ICONST  сдвиг, и переход в состояние 38
    T_RCONST  сдвиг, и переход в состояние 39
    T_CCONST  сдвиг, и переход в состояние 40
    T_LPAREN  сдвиг, и переход в состояние 41

    Simple             переход в состояние 89
    Factor             переход в состояние 45
    Summand            переход в состояние 46
    Primary            переход в состояние 47
    ModifiablePrimary  переход в состояние 48


Состояние 65

   60 Relation: Simple T_LESSOREQU • Simple

    T_TRUE    сдвиг, и переход в состояние 35
    T_FALSE   сдвиг, и переход в состояние 36
    T_ID      сдвиг, и переход в состояние 37
    T_ICONST  сдвиг, и переход в состояние 38
    T_RCONST  сдвиг, и переход в состояние 39
    T_CCONST  сдвиг, и переход в состояние 40
    T_LPAREN  сдвиг, и переход в состояние 41

    Simple             переход в состояние 90
    Factor             переход в состояние 45
    Summand            переход в состояние 46
    Primary            переход в состояние 47
    ModifiablePrimary  переход в состояние 48


Состояние 66

   62 Relation: Simple T_GREATOREQU • Simple

    T_TRUE    сдвиг, и переход в состояние 35
    T_FALSE   сдвиг, и переход в состояние 36
    T_ID      сдвиг, и переход в состояние 37
    T_ICONST  сдвиг, и переход в состояние 38
    T_RCONST  сдвиг, и переход в состояние 39
    T_CCONST  сдвиг, и переход в состояние 40
    T_LPAREN  сдвиг, и переход в состояние 41

    Simple             переход в состояние 91
    Factor             переход в состояние 45
    Summand            переход в состояние 46
    Primary            переход в состояние 47
    ModifiablePrimary  переход в состояние 48


Состояние 67

   64 Relation: Simple T_NOTEQU • Simple

    T_TRUE    сдвиг, и переход в состояние 35
    T_FALSE   сдвиг, и переход в состояние 36
    T_ID      сдвиг, и переход в состояние 37
    T_ICONST  сдвиг, и переход в состояние 38
    T_RCONST  сдвиг, и переход в состояние 39
    T_CCONST  сдвиг, и переход в состояние 40
    T_LPAREN  сдвиг, и переход в состояние 41

    Simple             переход в состояние 92
    Factor             переход в состояние 45
    Summand            переход в состояние 46
    Primary            переход в состояние 47
    ModifiablePrimary  переход в состояние 48


Состояние 68

   63 Relation: Simple T_EQU • Simple

    T_TRUE    сдвиг, и переход в состояние 35
    T_FALSE   сдвиг, и переход в состояние 36
    T_ID      сдвиг, и переход в состояние 37
    T_ICONST  сдвиг, и переход в состояние 38
    T_RCONST  сдвиг, и переход в состояние 39
    T_CCONST  сдвиг, и переход в состояние 40
    T_LPAREN  сдвиг, и переход в состояние 41

    Simple             переход в состояние 93
    Factor             переход в состояние 45
    Summand            переход в состояние 46
    Primary            переход в состояние 47
    ModifiablePrimary  переход в состояние 48


Состояние 69

   66 Simple: Factor T_MULTOP • Simple

    T_TRUE    сдвиг, и переход в состояние 35
    T_FALSE   сдвиг, и переход в состояние 36
    T_ID      сдвиг, и переход в состояние 37
    T_ICONST  сдвиг, и переход в состояние 38
    T_RCONST  сдвиг, и переход в состояние 39
    T_CCONST  сдвиг, и переход в состояние 40
    T_LPAREN  сдвиг, и переход в состояние 41

    Simple             переход в состояние 94
    Factor             переход в состояние 45
    Summand            переход в состояние 46
    Primary            переход в состояние 47
    ModifiablePrimary  переход в состояние 48


Состояние 70

   67 Simple: Factor T_DIVOP • Simple

    T_TRUE    сдвиг, и переход в состояние 35
    T_FALSE   сдвиг, и переход в состояние 36
    T_ID      сдвиг, и переход в состояние 37
    T_ICONST  сдвиг, и переход в состояние 38
    T_RCONST  сдвиг, и переход в состояние 39
    T_CCONST  сдвиг, и переход в состояние 40
    T_LPAREN  сдвиг, и переход в состояние 41

    Simple             переход в состояние 95
    Factor             переход в состояние 45
    Summand            переход в состояние 46
    Primary            переход в состояние 47
    ModifiablePrimary  переход в состояние 48


Состояние 71

   68 Simple: Factor T_MODOP • Simple

    T_TRUE    сдвиг, и переход в состояние 35
    T_FALSE   сдвиг, и переход в состояние 36
    T_ID      сдвиг, и переход в состояние 37
    T_ICONST  сдвиг, и переход в состояние 38
    T_RCONST  сдвиг, и переход в состояние 39
    T_CCONST  сдвиг, и переход в состояние 40
    T_LPAREN  сдвиг, и переход в состояние 41

    Simple             переход в состояние 96
    Factor             переход в состояние 45
    Summand            переход в состояние 46
    Primary            переход в состояние 47
    ModifiablePrimary  переход в состояние 48


Состояние 72

   70 Factor: Summand T_ADDOP • Factor

    T_TRUE    сдвиг, и переход в состояние 35
    T_FALSE   сдвиг, и переход в состояние 36
    T_ID      сдвиг, и переход в состояние 37
    T_ICONST  сдвиг, и переход в состояние 38
    T_RCONST  сдвиг, и переход в состояние 39
    T_CCONST  сдвиг, и переход в состояние 40
    T_LPAREN  сдвиг, и переход в состояние 41

    Factor             переход в состояние 97
    Summand            переход в состояние 46
    Primary            переход в состояние 47
    ModifiablePrimary  переход в состояние 48


Состояние 73

   71 Factor: Summand T_SUBTROP • Factor

    T_TRUE    сдвиг, и переход в состояние 35
    T_FALSE   сдвиг, и переход в состояние 36
    T_ID      сдвиг, и переход в состояние 37
    T_ICONST  сдвиг, и переход в состояние 38
    T_RCONST  сдвиг, и переход в состояние 39
    T_CCONST  сдвиг, и переход в состояние 40
    T_LPAREN  сдвиг, и переход в состояние 41

    Factor             переход в состояние 98
    Summand            переход в состояние 46
    Primary            переход в состояние 47
    ModifiablePrimary  переход в состояние 48


Состояние 74

    8 VariableDeclaration: T_VAR T_ID T_COLON Type T_IS • Expression

    T_TRUE    сдвиг, и переход в состояние 35
    T_FALSE   сдвиг, и переход в состояние 36
    T_ID      сдвиг, и переход в состояние 37
    T_ICONST  сдвиг, и переход в состояние 38
    T_RCONST  сдвиг, и переход в состояние 39
    T_CCONST  сдвиг, и переход в состояние 40
    T_LPAREN  сдвиг, и переход в состояние 41

    Expression         переход в состояние 99
    Relation           переход в состояние 43
    Simple             переход в состояние 44
    Factor             переход в состояние 45
    Summand            переход в состояние 46
    Primary            переход в состояние 47
    ModifiablePrimary  переход в состояние 48


Состояние 75

   17 ParameterDeclaration: T_ID T_COLON • Type

    T_INTEGER  сдвиг, и переход в состояние 24
    T_REAL     сдвиг, и переход в состояние 25
    T_BOOLEAN  сдвиг, и переход в состояние 26
    T_CHAR     сдвиг, и переход в состояние 27
    T_ARRAY    сдвиг, и переход в состояние 28
    T_RECORD   сдвиг, и переход в состояние 29
    T_ID       сдвиг, и переход в состояние 30

    Type           переход в состояние 100
    PrimitiveType  переход в состояние 32
    RecordType     переход в состояние 33
    ArrayType      переход в состояние 34


Состояние 76

   12 RoutineDeclaration: T_ROUTINE T_ID T_LPAREN Parameters T_RPAREN • T_COLON Type T_IS Body T_END
   13                   | T_ROUTINE T_ID T_LPAREN Parameters T_RPAREN • T_IS Body T_END

    T_IS     сдвиг, и переход в состояние 101
    T_COLON  сдвиг, и переход в состояние 102


Состояние 77

   16 ParameterDeclarations: T_COMMA • ParameterDeclaration ParameterDeclarations

    T_ID  сдвиг, и переход в состояние 50

    ParameterDeclaration  переход в состояние 103


Состояние 78

   14 Parameters: ParameterDeclaration ParameterDeclarations •

    $default  вывод с использованием правила 14 (Parameters)


Состояние 79

   29 ArrayType: T_ARRAY T_LBRACK Expression • T_RBRACK Type

    T_RBRACK  сдвиг, и переход в состояние 104


Состояние 80

   28 VariableDeclarations: VariableDeclaration VariableDeclarations •

    $default  вывод с использованием правила 28 (VariableDeclarations)


Состояние 81

   26 RecordType: T_RECORD VariableDeclarations T_END •

    $default  вывод с использованием правила 26 (RecordType)


Состояние 82

   84 Identifiers: T_LBRACK Expression • T_RBRACK
   85            | T_LBRACK Expression • T_RBRACK Identifiers

    T_RBRACK  сдвиг, и переход в состояние 105


Состояние 83

   82 Identifiers: T_DOT T_ID •
   83            | T_DOT T_ID • Identifiers

    T_LBRACK  сдвиг, и переход в состояние 56
    T_DOT     сдвиг, и переход в состояние 57

    $default  вывод с использованием правила 82 (Identifiers)

    Identifiers  переход в состояние 106


Состояние 84

   73 Summand: T_LPAREN Expression T_LPAREN •

    $default  вывод с использованием правила 73 (Summand)


Состояние 85

   55 Expression: Relation T_AND Expression •

    $default  вывод с использованием правила 55 (Expression)


Состояние 86

   56 Expression: Relation T_OR Expression •

    $default  вывод с использованием правила 56 (Expression)


Состояние 87

   57 Expression: Relation T_XOR Expression •

    $default  вывод с использованием правила 57 (Expression)


Состояние 88

   59 Relation: Simple T_LESS Simple •

    $default  вывод с использованием правила 59 (Relation)


Состояние 89

   61 Relation: Simple T_GREAT Simple •

    $default  вывод с использованием правила 61 (Relation)


Состояние 90

   60 Relation: Simple T_LESSOREQU Simple •

    $default  вывод с использованием правила 60 (Relation)


Состояние 91

   62 Relation: Simple T_GREATOREQU Simple •

    $default  вывод с использованием правила 62 (Relation)


Состояние 92

   64 Relation: Simple T_NOTEQU Simple •

    $default  вывод с использованием правила 64 (Relation)


Состояние 93

   63 Relation: Simple T_EQU Simple •

    $default  вывод с использованием правила 63 (Relation)


Состояние 94

   66 Simple: Factor T_MULTOP Simple •

    $default  вывод с использованием правила 66 (Simple)


Состояние 95

   67 Simple: Factor T_DIVOP Simple •

    $default  вывод с использованием правила 67 (Simple)


Состояние 96

   68 Simple: Factor T_MODOP Simple •

    $default  вывод с использованием правила 68 (Simple)


Состояние 97

   70 Factor: Summand T_ADDOP Factor •

    $default  вывод с использованием правила 70 (Factor)


Состояние 98

   71 Factor: Summand T_SUBTROP Factor •

    $default  вывод с использованием правила 71 (Factor)


Состояние 99

    8 VariableDeclaration: T_VAR T_ID T_COLON Type T_IS Expression •

    $default  вывод с использованием правила 8 (VariableDeclaration)


Состояние 100

   17 ParameterDeclaration: T_ID T_COLON Type •

    $default  вывод с использованием правила 17 (ParameterDeclaration)


Состояние 101

   13 RoutineDeclaration: T_ROUTINE T_ID T_LPAREN Parameters T_RPAREN T_IS • Body T_END

    T_FOR     сдвиг, и переход в состояние 107
    T_WHILE   сдвиг, и переход в состояние 108
    T_IF      сдвиг, и переход в состояние 109
    T_TYPE    сдвиг, и переход в состояние 1
    T_VAR     сдвиг, и переход в состояние 2
    T_PRINT   сдвиг, и переход в состояние 110
    T_RETURN  сдвиг, и переход в состояние 111
    T_ID      сдвиг, и переход в состояние 112

    $default  вывод с использованием правила 30 (Body)

    SimpleDeclaration    переход в состояние 113
    VariableDeclaration  переход в состояние 6
    TypeDeclaration      переход в состояние 7
    Body                 переход в состояние 114
    Statement            переход в состояние 115
    Assignment           переход в состояние 116
    RoutineCall          переход в состояние 117
    WhileLoop            переход в состояние 118
    ForLoop              переход в состояние 119
    IfStatement          переход в состояние 120
    ModifiablePrimary    переход в состояние 121


Состояние 102

   12 RoutineDeclaration: T_ROUTINE T_ID T_LPAREN Parameters T_RPAREN T_COLON • Type T_IS Body T_END

    T_INTEGER  сдвиг, и переход в состояние 24
    T_REAL     сдвиг, и переход в состояние 25
    T_BOOLEAN  сдвиг, и переход в состояние 26
    T_CHAR     сдвиг, и переход в состояние 27
    T_ARRAY    сдвиг, и переход в состояние 28
    T_RECORD   сдвиг, и переход в состояние 29
    T_ID       сдвиг, и переход в состояние 30

    Type           переход в состояние 122
    PrimitiveType  переход в состояние 32
    RecordType     переход в состояние 33
    ArrayType      переход в состояние 34


Состояние 103

   16 ParameterDeclarations: T_COMMA ParameterDeclaration • ParameterDeclarations

    T_COMMA  сдвиг, и переход в состояние 77

    $default  вывод с использованием правила 15 (ParameterDeclarations)

    ParameterDeclarations  переход в состояние 123


Состояние 104

   29 ArrayType: T_ARRAY T_LBRACK Expression T_RBRACK • Type

    T_INTEGER  сдвиг, и переход в состояние 24
    T_REAL     сдвиг, и переход в состояние 25
    T_BOOLEAN  сдвиг, и переход в состояние 26
    T_CHAR     сдвиг, и переход в состояние 27
    T_ARRAY    сдвиг, и переход в состояние 28
    T_RECORD   сдвиг, и переход в состояние 29
    T_ID       сдвиг, и переход в состояние 30

    Type           переход в состояние 124
    PrimitiveType  переход в состояние 32
    RecordType     переход в состояние 33
    ArrayType      переход в состояние 34


Состояние 105

   84 Identifiers: T_LBRACK Expression T_RBRACK •
   85            | T_LBRACK Expression T_RBRACK • Identifiers

    T_LBRACK  сдвиг, и переход в состояние 56
    T_DOT     сдвиг, и переход в состояние 57

    $default  вывод с использованием правила 84 (Identifiers)

    Identifiers  переход в состояние 125


Состояние 106

   83 Identifiers: T_DOT T_ID Identifiers •

    $default  вывод с использованием правила 83 (Identifiers)


Состояние 107

   49 ForLoop: T_FOR • T_ID Range T_LOOP Body T_END

    T_ID  сдвиг, и переход в состояние 126


Состояние 108

   48 WhileLoop: T_WHILE • Expression T_LOOP Body T_END

    T_TRUE    сдвиг, и переход в состояние 35
    T_FALSE   сдвиг, и переход в состояние 36
    T_ID      сдвиг, и переход в состояние 37
    T_ICONST  сдвиг, и переход в состояние 38
    T_RCONST  сдвиг, и переход в состояние 39
    T_CCONST  сдвиг, и переход в состояние 40
    T_LPAREN  сдвиг, и переход в состояние 41

    Expression         переход в состояние 127
    Relation           переход в состояние 43
    Simple             переход в состояние 44
    Factor             переход в состояние 45
    Summand            переход в состояние 46
    Primary            переход в состояние 47
    ModifiablePrimary  переход в состояние 48


Состояние 109

   52 IfStatement: T_IF • Expression T_THEN Body T_ELSE Body T_END
   53            | T_IF • Expression T_THEN Body T_END

    T_TRUE    сдвиг, и переход в состояние 35
    T_FALSE   сдвиг, и переход в состояние 36
    T_ID      сдвиг, и переход в состояние 37
    T_ICONST  сдвиг, и переход в состояние 38
    T_RCONST  сдвиг, и переход в состояние 39
    T_CCONST  сдвиг, и переход в состояние 40
    T_LPAREN  сдвиг, и переход в состояние 41

    Expression         переход в состояние 128
    Relation           переход в состояние 43
    Simple             переход в состояние 44
    Factor             переход в состояние 45
    Summand            переход в состояние 46
    Primary            переход в состояние 47
    ModifiablePrimary  переход в состояние 48


Состояние 110

   42 Statement: T_PRINT • T_LPAREN Expression T_RPAREN

    T_LPAREN  сдвиг, и переход в состояние 129


Состояние 111

   41 Statement: T_RETURN • T_LPAREN Expression T_RPAREN

    T_LPAREN  сдвиг, и переход в состояние 130


Состояние 112

   44 RoutineCall: T_ID •
   45            | T_ID • T_LPAREN Expressions T_RPAREN
   80 ModifiablePrimary: T_ID •
   81                  | T_ID • Identifiers

    T_LPAREN  сдвиг, и переход в состояние 131
    T_LBRACK  сдвиг, и переход в состояние 56
    T_DOT     сдвиг, и переход в состояние 57

    T_COLONEQU  вывод с использованием правила 80 (ModifiablePrimary)
    $default    вывод с использованием правила 44 (RoutineCall)

    Identifiers  переход в состояние 58


Состояние 113

   31 Body: SimpleDeclaration • Bodies

    T_FOR     сдвиг, и переход в состояние 107
    T_WHILE   сдвиг, и переход в состояние 108
    T_IF      сдвиг, и переход в состояние 109
    T_TYPE    сдвиг, и переход в состояние 1
    T_VAR     сдвиг, и переход в состояние 2
    T_PRINT   сдвиг, и переход в состояние 110
    T_RETURN  сдвиг, и переход в состояние 111
    T_ID      сдвиг, и переход в состояние 112

    $default  вывод с использованием правила 33 (Bodies)

    SimpleDeclaration    переход в состояние 132
    VariableDeclaration  переход в состояние 6
    TypeDeclaration      переход в состояние 7
    Bodies               переход в состояние 133
    Statement            переход в состояние 134
    Assignment           переход в состояние 116
    RoutineCall          переход в состояние 117
    WhileLoop            переход в состояние 118
    ForLoop              переход в состояние 119
    IfStatement          переход в состояние 120
    ModifiablePrimary    переход в состояние 121


Состояние 114

   13 RoutineDeclaration: T_ROUTINE T_ID T_LPAREN Parameters T_RPAREN T_IS Body • T_END

    T_END  сдвиг, и переход в состояние 135


Состояние 115

   32 Body: Statement • Bodies

    T_FOR     сдвиг, и переход в состояние 107
    T_WHILE   сдвиг, и переход в состояние 108
    T_IF      сдвиг, и переход в состояние 109
    T_TYPE    сдвиг, и переход в состояние 1
    T_VAR     сдвиг, и переход в состояние 2
    T_PRINT   сдвиг, и переход в состояние 110
    T_RETURN  сдвиг, и переход в состояние 111
    T_ID      сдвиг, и переход в состояние 112

    $default  вывод с использованием правила 33 (Bodies)

    SimpleDeclaration    переход в состояние 132
    VariableDeclaration  переход в состояние 6
    TypeDeclaration      переход в состояние 7
    Bodies               переход в состояние 136
    Statement            переход в состояние 134
    Assignment           переход в состояние 116
    RoutineCall          переход в состояние 117
    WhileLoop            переход в состояние 118
    ForLoop              переход в состояние 119
    IfStatement          переход в состояние 120
    ModifiablePrimary    переход в состояние 121


Состояние 116

   36 Statement: Assignment •

    $default  вывод с использованием правила 36 (Statement)


Состояние 117

   37 Statement: RoutineCall •

    $default  вывод с использованием правила 37 (Statement)


Состояние 118

   38 Statement: WhileLoop •

    $default  вывод с использованием правила 38 (Statement)


Состояние 119

   39 Statement: ForLoop •

    $default  вывод с использованием правила 39 (Statement)


Состояние 120

   40 Statement: IfStatement •

    $default  вывод с использованием правила 40 (Statement)


Состояние 121

   43 Assignment: ModifiablePrimary • T_COLONEQU Expression

    T_COLONEQU  сдвиг, и переход в состояние 137


Состояние 122

   12 RoutineDeclaration: T_ROUTINE T_ID T_LPAREN Parameters T_RPAREN T_COLON Type • T_IS Body T_END

    T_IS  сдвиг, и переход в состояние 138


Состояние 123

   16 ParameterDeclarations: T_COMMA ParameterDeclaration ParameterDeclarations •

    $default  вывод с использованием правила 16 (ParameterDeclarations)


Состояние 124

   29 ArrayType: T_ARRAY T_LBRACK Expression T_RBRACK Type •

    $default  вывод с использованием правила 29 (ArrayType)


Состояние 125

   85 Identifiers: T_LBRACK Expression T_RBRACK Identifiers •

    $default  вывод с использованием правила 85 (Identifiers)


Состояние 126

   49 ForLoop: T_FOR T_ID • Range T_LOOP Body T_END

    T_IN  сдвиг, и переход в состояние 139

    Range  переход в состояние 140


Состояние 127

   48 WhileLoop: T_WHILE Expression • T_LOOP Body T_END

    T_LOOP  сдвиг, и переход в состояние 141


Состояние 128

   52 IfStatement: T_IF Expression • T_THEN Body T_ELSE Body T_END
   53            | T_IF Expression • T_THEN Body T_END

    T_THEN  сдвиг, и переход в состояние 142


Состояние 129

   42 Statement: T_PRINT T_LPAREN • Expression T_RPAREN

    T_TRUE    сдвиг, и переход в состояние 35
    T_FALSE   сдвиг, и переход в состояние 36
    T_ID      сдвиг, и переход в состояние 37
    T_ICONST  сдвиг, и переход в состояние 38
    T_RCONST  сдвиг, и переход в состояние 39
    T_CCONST  сдвиг, и переход в состояние 40
    T_LPAREN  сдвиг, и переход в состояние 41

    Expression         переход в состояние 143
    Relation           переход в состояние 43
    Simple             переход в состояние 44
    Factor             переход в состояние 45
    Summand            переход в состояние 46
    Primary            переход в состояние 47
    ModifiablePrimary  переход в состояние 48


Состояние 130

   41 Statement: T_RETURN T_LPAREN • Expression T_RPAREN

    T_TRUE    сдвиг, и переход в состояние 35
    T_FALSE   сдвиг, и переход в состояние 36
    T_ID      сдвиг, и переход в состояние 37
    T_ICONST  сдвиг, и переход в состояние 38
    T_RCONST  сдвиг, и переход в состояние 39
    T_CCONST  сдвиг, и переход в состояние 40
    T_LPAREN  сдвиг, и переход в состояние 41

    Expression         переход в состояние 144
    Relation           переход в состояние 43
    Simple             переход в состояние 44
    Factor             переход в состояние 45
    Summand            переход в состояние 46
    Primary            переход в состояние 47
    ModifiablePrimary  переход в состояние 48


Состояние 131

   45 RoutineCall: T_ID T_LPAREN • Expressions T_RPAREN

    T_TRUE    сдвиг, и переход в состояние 35
    T_FALSE   сдвиг, и переход в состояние 36
    T_ID      сдвиг, и переход в состояние 37
    T_ICONST  сдвиг, и переход в состояние 38
    T_RCONST  сдвиг, и переход в состояние 39
    T_CCONST  сдвиг, и переход в состояние 40
    T_LPAREN  сдвиг, и переход в состояние 41
    T_COMMA   сдвиг, и переход в состояние 145

    Expressions        переход в состояние 146
    Expression         переход в состояние 147
    Relation           переход в состояние 43
    Simple             переход в состояние 44
    Factor             переход в состояние 45
    Summand            переход в состояние 46
    Primary            переход в состояние 47
    ModifiablePrimary  переход в состояние 48


Состояние 132

   34 Bodies: SimpleDeclaration • Bodies

    T_FOR     сдвиг, и переход в состояние 107
    T_WHILE   сдвиг, и переход в состояние 108
    T_IF      сдвиг, и переход в состояние 109
    T_TYPE    сдвиг, и переход в состояние 1
    T_VAR     сдвиг, и переход в состояние 2
    T_PRINT   сдвиг, и переход в состояние 110
    T_RETURN  сдвиг, и переход в состояние 111
    T_ID      сдвиг, и переход в состояние 112

    $default  вывод с использованием правила 33 (Bodies)

    SimpleDeclaration    переход в состояние 132
    VariableDeclaration  переход в состояние 6
    TypeDeclaration      переход в состояние 7
    Bodies               переход в состояние 148
    Statement            переход в состояние 134
    Assignment           переход в состояние 116
    RoutineCall          переход в состояние 117
    WhileLoop            переход в состояние 118
    ForLoop              переход в состояние 119
    IfStatement          переход в состояние 120
    ModifiablePrimary    переход в состояние 121


Состояние 133

   31 Body: SimpleDeclaration Bodies •

    $default  вывод с использованием правила 31 (Body)


Состояние 134

   35 Bodies: Statement • Bodies

    T_FOR     сдвиг, и переход в состояние 107
    T_WHILE   сдвиг, и переход в состояние 108
    T_IF      сдвиг, и переход в состояние 109
    T_TYPE    сдвиг, и переход в состояние 1
    T_VAR     сдвиг, и переход в состояние 2
    T_PRINT   сдвиг, и переход в состояние 110
    T_RETURN  сдвиг, и переход в состояние 111
    T_ID      сдвиг, и переход в состояние 112

    $default  вывод с использованием правила 33 (Bodies)

    SimpleDeclaration    переход в состояние 132
    VariableDeclaration  переход в состояние 6
    TypeDeclaration      переход в состояние 7
    Bodies               переход в состояние 149
    Statement            переход в состояние 134
    Assignment           переход в состояние 116
    RoutineCall          переход в состояние 117
    WhileLoop            переход в состояние 118
    ForLoop              переход в состояние 119
    IfStatement          переход в состояние 120
    ModifiablePrimary    переход в состояние 121


Состояние 135

   13 RoutineDeclaration: T_ROUTINE T_ID T_LPAREN Parameters T_RPAREN T_IS Body T_END •

    $default  вывод с использованием правила 13 (RoutineDeclaration)


Состояние 136

   32 Body: Statement Bodies •

    $default  вывод с использованием правила 32 (Body)


Состояние 137

   43 Assignment: ModifiablePrimary T_COLONEQU • Expression

    T_TRUE    сдвиг, и переход в состояние 35
    T_FALSE   сдвиг, и переход в состояние 36
    T_ID      сдвиг, и переход в состояние 37
    T_ICONST  сдвиг, и переход в состояние 38
    T_RCONST  сдвиг, и переход в состояние 39
    T_CCONST  сдвиг, и переход в состояние 40
    T_LPAREN  сдвиг, и переход в состояние 41

    Expression         переход в состояние 150
    Relation           переход в состояние 43
    Simple             переход в состояние 44
    Factor             переход в состояние 45
    Summand            переход в состояние 46
    Primary            переход в состояние 47
    ModifiablePrimary  переход в состояние 48


Состояние 138

   12 RoutineDeclaration: T_ROUTINE T_ID T_LPAREN Parameters T_RPAREN T_COLON Type T_IS • Body T_END

    T_FOR     сдвиг, и переход в состояние 107
    T_WHILE   сдвиг, и переход в состояние 108
    T_IF      сдвиг, и переход в состояние 109
    T_TYPE    сдвиг, и переход в состояние 1
    T_VAR     сдвиг, и переход в состояние 2
    T_PRINT   сдвиг, и переход в состояние 110
    T_RETURN  сдвиг, и переход в состояние 111
    T_ID      сдвиг, и переход в состояние 112

    $default  вывод с использованием правила 30 (Body)

    SimpleDeclaration    переход в состояние 113
    VariableDeclaration  переход в состояние 6
    TypeDeclaration      переход в состояние 7
    Body                 переход в состояние 151
    Statement            переход в состояние 115
    Assignment           переход в состояние 116
    RoutineCall          переход в состояние 117
    WhileLoop            переход в состояние 118
    ForLoop              переход в состояние 119
    IfStatement          переход в состояние 120
    ModifiablePrimary    переход в состояние 121


Состояние 139

   50 Range: T_IN • Expression T_DOTDOT Expression
   51      | T_IN • T_REVERSE Expression T_DOTDOT Expression

    T_REVERSE  сдвиг, и переход в состояние 152
    T_TRUE     сдвиг, и переход в состояние 35
    T_FALSE    сдвиг, и переход в состояние 36
    T_ID       сдвиг, и переход в состояние 37
    T_ICONST   сдвиг, и переход в состояние 38
    T_RCONST   сдвиг, и переход в состояние 39
    T_CCONST   сдвиг, и переход в состояние 40
    T_LPAREN   сдвиг, и переход в состояние 41

    Expression         переход в состояние 153
    Relation           переход в состояние 43
    Simple             переход в состояние 44
    Factor             переход в состояние 45
    Summand            переход в состояние 46
    Primary            переход в состояние 47
    ModifiablePrimary  переход в состояние 48


Состояние 140

   49 ForLoop: T_FOR T_ID Range • T_LOOP Body T_END

    T_LOOP  сдвиг, и переход в состояние 154


Состояние 141

   48 WhileLoop: T_WHILE Expression T_LOOP • Body T_END

    T_FOR     сдвиг, и переход в состояние 107
    T_WHILE   сдвиг, и переход в состояние 108
    T_IF      сдвиг, и переход в состояние 109
    T_TYPE    сдвиг, и переход в состояние 1
    T_VAR     сдвиг, и переход в состояние 2
    T_PRINT   сдвиг, и переход в состояние 110
    T_RETURN  сдвиг, и переход в состояние 111
    T_ID      сдвиг, и переход в состояние 112

    $default  вывод с использованием правила 30 (Body)

    SimpleDeclaration    переход в состояние 113
    VariableDeclaration  переход в состояние 6
    TypeDeclaration      переход в состояние 7
    Body                 переход в состояние 155
    Statement            переход в состояние 115
    Assignment           переход в состояние 116
    RoutineCall          переход в состояние 117
    WhileLoop            переход в состояние 118
    ForLoop              переход в состояние 119
    IfStatement          переход в состояние 120
    ModifiablePrimary    переход в состояние 121


Состояние 142

   52 IfStatement: T_IF Expression T_THEN • Body T_ELSE Body T_END
   53            | T_IF Expression T_THEN • Body T_END

    T_FOR     сдвиг, и переход в состояние 107
    T_WHILE   сдвиг, и переход в состояние 108
    T_IF      сдвиг, и переход в состояние 109
    T_TYPE    сдвиг, и переход в состояние 1
    T_VAR     сдвиг, и переход в состояние 2
    T_PRINT   сдвиг, и переход в состояние 110
    T_RETURN  сдвиг, и переход в состояние 111
    T_ID      сдвиг, и переход в состояние 112

    $default  вывод с использованием правила 30 (Body)

    SimpleDeclaration    переход в состояние 113
    VariableDeclaration  переход в состояние 6
    TypeDeclaration      переход в состояние 7
    Body                 переход в состояние 156
    Statement            переход в состояние 115
    Assignment           переход в состояние 116
    RoutineCall          переход в состояние 117
    WhileLoop            переход в состояние 118
    ForLoop              переход в состояние 119
    IfStatement          переход в состояние 120
    ModifiablePrimary    переход в состояние 121


Состояние 143

   42 Statement: T_PRINT T_LPAREN Expression • T_RPAREN

    T_RPAREN  сдвиг, и переход в состояние 157


Состояние 144

   41 Statement: T_RETURN T_LPAREN Expression • T_RPAREN

    T_RPAREN  сдвиг, и переход в состояние 158


Состояние 145

   47 Expressions: T_COMMA • Expression Expressions

    T_TRUE    сдвиг, и переход в состояние 35
    T_FALSE   сдвиг, и переход в состояние 36
    T_ID      сдвиг, и переход в состояние 37
    T_ICONST  сдвиг, и переход в состояние 38
    T_RCONST  сдвиг, и переход в состояние 39
    T_CCONST  сдвиг, и переход в состояние 40
    T_LPAREN  сдвиг, и переход в состояние 41

    Expression         переход в состояние 159
    Relation           переход в состояние 43
    Simple             переход в состояние 44
    Factor             переход в состояние 45
    Summand            переход в состояние 46
    Primary            переход в состояние 47
    ModifiablePrimary  переход в состояние 48


Состояние 146

   45 RoutineCall: T_ID T_LPAREN Expressions • T_RPAREN

    T_RPAREN  сдвиг, и переход в состояние 160


Состояние 147

   46 Expressions: Expression •

    $default  вывод с использованием правила 46 (Expressions)


Состояние 148

   34 Bodies: SimpleDeclaration Bodies •

    $default  вывод с использованием правила 34 (Bodies)


Состояние 149

   35 Bodies: Statement Bodies •

    $default  вывод с использованием правила 35 (Bodies)


Состояние 150

   43 Assignment: ModifiablePrimary T_COLONEQU Expression •

    $default  вывод с использованием правила 43 (Assignment)


Состояние 151

   12 RoutineDeclaration: T_ROUTINE T_ID T_LPAREN Parameters T_RPAREN T_COLON Type T_IS Body • T_END

    T_END  сдвиг, и переход в состояние 161


Состояние 152

   51 Range: T_IN T_REVERSE • Expression T_DOTDOT Expression

    T_TRUE    сдвиг, и переход в состояние 35
    T_FALSE   сдвиг, и переход в состояние 36
    T_ID      сдвиг, и переход в состояние 37
    T_ICONST  сдвиг, и переход в состояние 38
    T_RCONST  сдвиг, и переход в состояние 39
    T_CCONST  сдвиг, и переход в состояние 40
    T_LPAREN  сдвиг, и переход в состояние 41

    Expression         переход в состояние 162
    Relation           переход в состояние 43
    Simple             переход в состояние 44
    Factor             переход в состояние 45
    Summand            переход в состояние 46
    Primary            переход в состояние 47
    ModifiablePrimary  переход в состояние 48


Состояние 153

   50 Range: T_IN Expression • T_DOTDOT Expression

    T_DOTDOT  сдвиг, и переход в состояние 163


Состояние 154

   49 ForLoop: T_FOR T_ID Range T_LOOP • Body T_END

    T_FOR     сдвиг, и переход в состояние 107
    T_WHILE   сдвиг, и переход в состояние 108
    T_IF      сдвиг, и переход в состояние 109
    T_TYPE    сдвиг, и переход в состояние 1
    T_VAR     сдвиг, и переход в состояние 2
    T_PRINT   сдвиг, и переход в состояние 110
    T_RETURN  сдвиг, и переход в состояние 111
    T_ID      сдвиг, и переход в состояние 112

    $default  вывод с использованием правила 30 (Body)

    SimpleDeclaration    переход в состояние 113
    VariableDeclaration  переход в состояние 6
    TypeDeclaration      переход в состояние 7
    Body                 переход в состояние 164
    Statement            переход в состояние 115
    Assignment           переход в состояние 116
    RoutineCall          переход в состояние 117
    WhileLoop            переход в состояние 118
    ForLoop              переход в состояние 119
    IfStatement          переход в состояние 120
    ModifiablePrimary    переход в состояние 121


Состояние 155

   48 WhileLoop: T_WHILE Expression T_LOOP Body • T_END

    T_END  сдвиг, и переход в состояние 165


Состояние 156

   52 IfStatement: T_IF Expression T_THEN Body • T_ELSE Body T_END
   53            | T_IF Expression T_THEN Body • T_END

    T_ELSE  сдвиг, и переход в состояние 166
    T_END   сдвиг, и переход в состояние 167


Состояние 157

   42 Statement: T_PRINT T_LPAREN Expression T_RPAREN •

    $default  вывод с использованием правила 42 (Statement)


Состояние 158

   41 Statement: T_RETURN T_LPAREN Expression T_RPAREN •

    $default  вывод с использованием правила 41 (Statement)


Состояние 159

   47 Expressions: T_COMMA Expression • Expressions

    T_TRUE    сдвиг, и переход в состояние 35
    T_FALSE   сдвиг, и переход в состояние 36
    T_ID      сдвиг, и переход в состояние 37
    T_ICONST  сдвиг, и переход в состояние 38
    T_RCONST  сдвиг, и переход в состояние 39
    T_CCONST  сдвиг, и переход в состояние 40
    T_LPAREN  сдвиг, и переход в состояние 41
    T_COMMA   сдвиг, и переход в состояние 145

    Expressions        переход в состояние 168
    Expression         переход в состояние 147
    Relation           переход в состояние 43
    Simple             переход в состояние 44
    Factor             переход в состояние 45
    Summand            переход в состояние 46
    Primary            переход в состояние 47
    ModifiablePrimary  переход в состояние 48


Состояние 160

   45 RoutineCall: T_ID T_LPAREN Expressions T_RPAREN •

    $default  вывод с использованием правила 45 (RoutineCall)


Состояние 161

   12 RoutineDeclaration: T_ROUTINE T_ID T_LPAREN Parameters T_RPAREN T_COLON Type T_IS Body T_END •

    $default  вывод с использованием правила 12 (RoutineDeclaration)


Состояние 162

   51 Range: T_IN T_REVERSE Expression • T_DOTDOT Expression

    T_DOTDOT  сдвиг, и переход в состояние 169


Состояние 163

   50 Range: T_IN Expression T_DOTDOT • Expression

    T_TRUE    сдвиг, и переход в состояние 35
    T_FALSE   сдвиг, и переход в состояние 36
    T_ID      сдвиг, и переход в состояние 37
    T_ICONST  сдвиг, и переход в состояние 38
    T_RCONST  сдвиг, и переход в состояние 39
    T_CCONST  сдвиг, и переход в состояние 40
    T_LPAREN  сдвиг, и переход в состояние 41

    Expression         переход в состояние 170
    Relation           переход в состояние 43
    Simple             переход в состояние 44
    Factor             переход в состояние 45
    Summand            переход в состояние 46
    Primary            переход в состояние 47
    ModifiablePrimary  переход в состояние 48


Состояние 164

   49 ForLoop: T_FOR T_ID Range T_LOOP Body • T_END

    T_END  сдвиг, и переход в состояние 171


Состояние 165

   48 WhileLoop: T_WHILE Expression T_LOOP Body T_END •

    $default  вывод с использованием правила 48 (WhileLoop)


Состояние 166

   52 IfStatement: T_IF Expression T_THEN Body T_ELSE • Body T_END

    T_FOR     сдвиг, и переход в состояние 107
    T_WHILE   сдвиг, и переход в состояние 108
    T_IF      сдвиг, и переход в состояние 109
    T_TYPE    сдвиг, и переход в состояние 1
    T_VAR     сдвиг, и переход в состояние 2
    T_PRINT   сдвиг, и переход в состояние 110
    T_RETURN  сдвиг, и переход в состояние 111
    T_ID      сдвиг, и переход в состояние 112

    $default  вывод с использованием правила 30 (Body)

    SimpleDeclaration    переход в состояние 113
    VariableDeclaration  переход в состояние 6
    TypeDeclaration      переход в состояние 7
    Body                 переход в состояние 172
    Statement            переход в состояние 115
    Assignment           переход в состояние 116
    RoutineCall          переход в состояние 117
    WhileLoop            переход в состояние 118
    ForLoop              переход в состояние 119
    IfStatement          переход в состояние 120
    ModifiablePrimary    переход в состояние 121


Состояние 167

   53 IfStatement: T_IF Expression T_THEN Body T_END •

    $default  вывод с использованием правила 53 (IfStatement)


Состояние 168

   47 Expressions: T_COMMA Expression Expressions •

    $default  вывод с использованием правила 47 (Expressions)


Состояние 169

   51 Range: T_IN T_REVERSE Expression T_DOTDOT • Expression

    T_TRUE    сдвиг, и переход в состояние 35
    T_FALSE   сдвиг, и переход в состояние 36
    T_ID      сдвиг, и переход в состояние 37
    T_ICONST  сдвиг, и переход в состояние 38
    T_RCONST  сдвиг, и переход в состояние 39
    T_CCONST  сдвиг, и переход в состояние 40
    T_LPAREN  сдвиг, и переход в состояние 41

    Expression         переход в состояние 173
    Relation           переход в состояние 43
    Simple             переход в состояние 44
    Factor             переход в состояние 45
    Summand            переход в состояние 46
    Primary            переход в состояние 47
    ModifiablePrimary  переход в состояние 48


Состояние 170

   50 Range: T_IN Expression T_DOTDOT Expression •

    $default  вывод с использованием правила 50 (Range)


Состояние 171

   49 ForLoop: T_FOR T_ID Range T_LOOP Body T_END •

    $default  вывод с использованием правила 49 (ForLoop)


Состояние 172

   52 IfStatement: T_IF Expression T_THEN Body T_ELSE Body • T_END

    T_END  сдвиг, и переход в состояние 174


Состояние 173

   51 Range: T_IN T_REVERSE Expression T_DOTDOT Expression •

    $default  вывод с использованием правила 51 (Range)


Состояние 174

   52 IfStatement: T_IF Expression T_THEN Body T_ELSE Body T_END •

    $default  вывод с использованием правила 52 (IfStatement)
